<?xml version="1.0" encoding="UTF-8"?>
<testsuite name="Automation technical challenge" tests="1" skipped="0" failures="0" errors="0" timestamp="2022-02-11T02:37:35" hostname="DESKTOP-E39DRSM" time="62.139">
  <properties/>
  <testcase name="Register a user" classname="Automation technical challenge" time="62.139"/>
  <system-out><![CDATA[]]></system-out>
  <system-err><![CDATA[[Test worker] WARN net.thucydides.core.steps.BaseStepListener - stepStarted: net.thucydides.core.steps.ExecutedStepDescription@19c7fb
[Test worker] WARN net.thucydides.core.steps.BaseStepListener - stepStarted: net.thucydides.core.steps.ExecutedStepDescription@5df14920
[Test worker] WARN net.thucydides.core.steps.BaseStepListener - stepStarted: net.thucydides.core.steps.ExecutedStepDescription@25955ca7
feb. 10, 2022 9:37:36 P. M. org.openqa.selenium.remote.DesiredCapabilities chrome
INFORMACIÓN: Using `new ChromeOptions()` is preferred to `DesiredCapabilities.chrome()`
[Test worker] INFO net.serenitybdd.core.webdriver.driverproviders.ProvideNewDriver - Instantiating driver
[Test worker] INFO net.serenitybdd.core.webdriver.driverproviders.ProvideNewDriver - Driver capabilities: Capabilities {acceptInsecureCerts: false, browserName: chrome, chrome.switches: --start-maximized, goog:chromeOptions: {args: [--start-maximized], extensions: []}, loggingPrefs: org.openqa.selenium.logging..., platform: ANY, version: }
Starting ChromeDriver 98.0.4758.80 (7f0488e8ba0d8e019187c6325a16c29d9b7f4989-refs/branch-heads/4758@{#972}) on port 45581
Only local connections are allowed.
Please see https://chromedriver.chromium.org/security-considerations for suggestions on keeping ChromeDriver safe.
ChromeDriver was started successfully.
feb. 10, 2022 9:37:39 P. M. org.openqa.selenium.remote.ProtocolHandshake createSession
INFORMACIÓN: Detected dialect: W3C
[Test worker] WARN net.thucydides.core.steps.BaseStepListener - stepFinished: current outcome:Register a user:Given Brandon wants to join the tester community [Brandon open up [brandon opens the U test page]]
[Test worker] WARN net.thucydides.core.steps.BaseStepListener - stepFinished: current outcome:Register a user:Given Brandon wants to join the tester community [Brandon open up [brandon opens the U test page]]
[Test worker] WARN net.thucydides.core.steps.BaseStepListener - stepFinished: current outcome:Register a user:Given Brandon wants to join the tester community [Brandon open up [brandon opens the U test page]]
[Test worker] WARN net.thucydides.core.steps.BaseStepListener - stepStarted: net.thucydides.core.steps.ExecutedStepDescription@433d46d0
[Test worker] WARN net.thucydides.core.steps.BaseStepListener - stepStarted: net.thucydides.core.steps.ExecutedStepDescription@1dbb88e0
[Test worker] WARN net.thucydides.core.steps.BaseStepListener - stepStarted: net.thucydides.core.steps.ExecutedStepDescription@1fcce29e
[Test worker] WARN net.thucydides.core.steps.BaseStepListener - stepFinished: current outcome:Register a user:Given Brandon wants to join the tester community [Brandon open up [brandon opens the U test page]], When fill in the fields of each section on the UTest page
| strFirstName | strLastName | strEmail | strLanguage | strCity | strPostalCode | strCountry | strComputerOperatingSystem | strVersion | strComputerLanguage | strMobilDevice | strDeviceModel | strDeviceOperatingSystem | strPassword |
| Brandon | Perez | bperez6@retotecnico.com | Spanish | Arraijan | 07003 | panama | windows | 10 64-bit | spanish | xiaomi | mi 9 | android 11 | ChoucairReto2021* | [Brandon sign up personal [brandon clicks on button that shows us the form to signup]]
[Test worker] WARN net.thucydides.core.steps.BaseStepListener - stepStarted: net.thucydides.core.steps.ExecutedStepDescription@5e53803e
[Test worker] WARN net.thucydides.core.steps.BaseStepListener - stepFinished: current outcome:Register a user:Given Brandon wants to join the tester community [Brandon open up [brandon opens the U test page]], When fill in the fields of each section on the UTest page
| strFirstName | strLastName | strEmail | strLanguage | strCity | strPostalCode | strCountry | strComputerOperatingSystem | strVersion | strComputerLanguage | strMobilDevice | strDeviceModel | strDeviceOperatingSystem | strPassword |
| Brandon | Perez | bperez6@retotecnico.com | Spanish | Arraijan | 07003 | panama | windows | 10 64-bit | spanish | xiaomi | mi 9 | android 11 | ChoucairReto2021* | [Brandon sign up personal [brandon clicks on button that shows us the form to signup, brandon enters 'Brandon' into write first name the user]]
[Test worker] WARN net.thucydides.core.steps.BaseStepListener - stepStarted: net.thucydides.core.steps.ExecutedStepDescription@6795e69f
[Test worker] WARN net.thucydides.core.steps.BaseStepListener - stepFinished: current outcome:Register a user:Given Brandon wants to join the tester community [Brandon open up [brandon opens the U test page]], When fill in the fields of each section on the UTest page
| strFirstName | strLastName | strEmail | strLanguage | strCity | strPostalCode | strCountry | strComputerOperatingSystem | strVersion | strComputerLanguage | strMobilDevice | strDeviceModel | strDeviceOperatingSystem | strPassword |
| Brandon | Perez | bperez6@retotecnico.com | Spanish | Arraijan | 07003 | panama | windows | 10 64-bit | spanish | xiaomi | mi 9 | android 11 | ChoucairReto2021* | [Brandon sign up personal [brandon clicks on button that shows us the form to signup, brandon enters 'Brandon' into write first name the user, brandon enters 'Perez' into write last name the user]]
[Test worker] WARN net.thucydides.core.steps.BaseStepListener - stepStarted: net.thucydides.core.steps.ExecutedStepDescription@5745e50d
[Test worker] WARN net.thucydides.core.steps.BaseStepListener - stepFinished: current outcome:Register a user:Given Brandon wants to join the tester community [Brandon open up [brandon opens the U test page]], When fill in the fields of each section on the UTest page
| strFirstName | strLastName | strEmail | strLanguage | strCity | strPostalCode | strCountry | strComputerOperatingSystem | strVersion | strComputerLanguage | strMobilDevice | strDeviceModel | strDeviceOperatingSystem | strPassword |
| Brandon | Perez | bperez6@retotecnico.com | Spanish | Arraijan | 07003 | panama | windows | 10 64-bit | spanish | xiaomi | mi 9 | android 11 | ChoucairReto2021* | [Brandon sign up personal [brandon clicks on button that shows us the form to signup, brandon enters 'Brandon' into write first name the user, brandon enters 'Perez' into write last name the user, brandon enters 'bperez6@retotecnico.com' into write email the user]]
[Test worker] WARN net.thucydides.core.steps.BaseStepListener - stepStarted: net.thucydides.core.steps.ExecutedStepDescription@4e862a2b
[Test worker] WARN net.thucydides.core.steps.BaseStepListener - stepFinished: current outcome:Register a user:Given Brandon wants to join the tester community [Brandon open up [brandon opens the U test page]], When fill in the fields of each section on the UTest page
| strFirstName | strLastName | strEmail | strLanguage | strCity | strPostalCode | strCountry | strComputerOperatingSystem | strVersion | strComputerLanguage | strMobilDevice | strDeviceModel | strDeviceOperatingSystem | strPassword |
| Brandon | Perez | bperez6@retotecnico.com | Spanish | Arraijan | 07003 | panama | windows | 10 64-bit | spanish | xiaomi | mi 9 | android 11 | ChoucairReto2021* | [Brandon sign up personal [brandon clicks on button that shows us the form to signup, brandon enters 'Brandon' into write first name the user, brandon enters 'Perez' into write last name the user, brandon enters 'bperez6@retotecnico.com' into write email the user, brandon clicks on Select month his birth month]]
[Test worker] WARN net.thucydides.core.steps.BaseStepListener - stepStarted: net.thucydides.core.steps.ExecutedStepDescription@24388d51
[Test worker] WARN net.thucydides.core.steps.BaseStepListener - stepFinished: current outcome:Register a user:Given Brandon wants to join the tester community [Brandon open up [brandon opens the U test page]], When fill in the fields of each section on the UTest page
| strFirstName | strLastName | strEmail | strLanguage | strCity | strPostalCode | strCountry | strComputerOperatingSystem | strVersion | strComputerLanguage | strMobilDevice | strDeviceModel | strDeviceOperatingSystem | strPassword |
| Brandon | Perez | bperez6@retotecnico.com | Spanish | Arraijan | 07003 | panama | windows | 10 64-bit | spanish | xiaomi | mi 9 | android 11 | ChoucairReto2021* | [Brandon sign up personal [brandon clicks on button that shows us the form to signup, brandon enters 'Brandon' into write first name the user, brandon enters 'Perez' into write last name the user, brandon enters 'bperez6@retotecnico.com' into write email the user, brandon clicks on Select month his birth month, brandon clicks on Select month his birth day]]
[Test worker] WARN net.thucydides.core.steps.BaseStepListener - stepStarted: net.thucydides.core.steps.ExecutedStepDescription@34c80bcc
[Test worker] WARN net.thucydides.core.steps.BaseStepListener - stepFinished: current outcome:Register a user:Given Brandon wants to join the tester community [Brandon open up [brandon opens the U test page]], When fill in the fields of each section on the UTest page
| strFirstName | strLastName | strEmail | strLanguage | strCity | strPostalCode | strCountry | strComputerOperatingSystem | strVersion | strComputerLanguage | strMobilDevice | strDeviceModel | strDeviceOperatingSystem | strPassword |
| Brandon | Perez | bperez6@retotecnico.com | Spanish | Arraijan | 07003 | panama | windows | 10 64-bit | spanish | xiaomi | mi 9 | android 11 | ChoucairReto2021* | [Brandon sign up personal [brandon clicks on button that shows us the form to signup, brandon enters 'Brandon' into write first name the user, brandon enters 'Perez' into write last name the user, brandon enters 'bperez6@retotecnico.com' into write email the user, brandon clicks on Select month his birth month, brandon clicks on Select month his birth day, brandon clicks on Select month his birth year]]
[Test worker] WARN net.thucydides.core.steps.BaseStepListener - stepStarted: net.thucydides.core.steps.ExecutedStepDescription@7accb8d8
[Test worker] WARN net.thucydides.core.steps.BaseStepListener - stepFinished: current outcome:Register a user:Given Brandon wants to join the tester community [Brandon open up [brandon opens the U test page]], When fill in the fields of each section on the UTest page
| strFirstName | strLastName | strEmail | strLanguage | strCity | strPostalCode | strCountry | strComputerOperatingSystem | strVersion | strComputerLanguage | strMobilDevice | strDeviceModel | strDeviceOperatingSystem | strPassword |
| Brandon | Perez | bperez6@retotecnico.com | Spanish | Arraijan | 07003 | panama | windows | 10 64-bit | spanish | xiaomi | mi 9 | android 11 | ChoucairReto2021* | [Brandon sign up personal [brandon clicks on button that shows us the form to signup, brandon enters 'Brandon' into write first name the user, brandon enters 'Perez' into write last name the user, brandon enters 'bperez6@retotecnico.com' into write email the user, brandon clicks on Select month his birth month, brandon clicks on Select month his birth day, brandon clicks on Select month his birth year, brandon enters 'Spanish' into Select language his birth year]]
[Test worker] WARN net.thucydides.core.steps.BaseStepListener - stepStarted: net.thucydides.core.steps.ExecutedStepDescription@50395a34
[Test worker] WARN net.thucydides.core.steps.BaseStepListener - stepFinished: current outcome:Register a user:Given Brandon wants to join the tester community [Brandon open up [brandon opens the U test page]], When fill in the fields of each section on the UTest page
| strFirstName | strLastName | strEmail | strLanguage | strCity | strPostalCode | strCountry | strComputerOperatingSystem | strVersion | strComputerLanguage | strMobilDevice | strDeviceModel | strDeviceOperatingSystem | strPassword |
| Brandon | Perez | bperez6@retotecnico.com | Spanish | Arraijan | 07003 | panama | windows | 10 64-bit | spanish | xiaomi | mi 9 | android 11 | ChoucairReto2021* | [Brandon sign up personal [brandon clicks on button that shows us the form to signup, brandon enters 'Brandon' into write first name the user, brandon enters 'Perez' into write last name the user, brandon enters 'bperez6@retotecnico.com' into write email the user, brandon clicks on Select month his birth month, brandon clicks on Select month his birth day, brandon clicks on Select month his birth year, brandon enters 'Spanish' into Select language his birth year, brandon types 'ENTER' in Select language his birth year]]
[Test worker] WARN net.thucydides.core.steps.BaseStepListener - stepStarted: net.thucydides.core.steps.ExecutedStepDescription@4de9c5ee
[Test worker] WARN net.thucydides.core.steps.BaseStepListener - stepFinished: current outcome:Register a user:Given Brandon wants to join the tester community [Brandon open up [brandon opens the U test page]], When fill in the fields of each section on the UTest page
| strFirstName | strLastName | strEmail | strLanguage | strCity | strPostalCode | strCountry | strComputerOperatingSystem | strVersion | strComputerLanguage | strMobilDevice | strDeviceModel | strDeviceOperatingSystem | strPassword |
| Brandon | Perez | bperez6@retotecnico.com | Spanish | Arraijan | 07003 | panama | windows | 10 64-bit | spanish | xiaomi | mi 9 | android 11 | ChoucairReto2021* | [Brandon sign up personal [brandon clicks on button that shows us the form to signup, brandon enters 'Brandon' into write first name the user, brandon enters 'Perez' into write last name the user, brandon enters 'bperez6@retotecnico.com' into write email the user, brandon clicks on Select month his birth month, brandon clicks on Select month his birth day, brandon clicks on Select month his birth year, brandon enters 'Spanish' into Select language his birth year, brandon types 'ENTER' in Select language his birth year, brandon clicks on next page]]
[Test worker] WARN net.thucydides.core.steps.BaseStepListener - stepStarted: net.thucydides.core.steps.ExecutedStepDescription@254872d4
[Test worker] WARN net.thucydides.core.steps.BaseStepListener - stepFinished: current outcome:Register a user:Given Brandon wants to join the tester community [Brandon open up [brandon opens the U test page]], When fill in the fields of each section on the UTest page
| strFirstName | strLastName | strEmail | strLanguage | strCity | strPostalCode | strCountry | strComputerOperatingSystem | strVersion | strComputerLanguage | strMobilDevice | strDeviceModel | strDeviceOperatingSystem | strPassword |
| Brandon | Perez | bperez6@retotecnico.com | Spanish | Arraijan | 07003 | panama | windows | 10 64-bit | spanish | xiaomi | mi 9 | android 11 | ChoucairReto2021* | [Brandon sign up personal [brandon clicks on button that shows us the form to signup, brandon enters 'Brandon' into write first name the user, brandon enters 'Perez' into write last name the user, brandon enters 'bperez6@retotecnico.com' into write email the user, brandon clicks on Select month his birth month, brandon clicks on Select month his birth day, brandon clicks on Select month his birth year, brandon enters 'Spanish' into Select language his birth year, brandon types 'ENTER' in Select language his birth year, brandon clicks on next page, brandon enters 'Arraijan' into write to city]]
[Test worker] WARN net.thucydides.core.steps.BaseStepListener - stepStarted: net.thucydides.core.steps.ExecutedStepDescription@5e021a20
[Test worker] WARN net.thucydides.core.steps.BaseStepListener - stepFinished: current outcome:Register a user:Given Brandon wants to join the tester community [Brandon open up [brandon opens the U test page]], When fill in the fields of each section on the UTest page
| strFirstName | strLastName | strEmail | strLanguage | strCity | strPostalCode | strCountry | strComputerOperatingSystem | strVersion | strComputerLanguage | strMobilDevice | strDeviceModel | strDeviceOperatingSystem | strPassword |
| Brandon | Perez | bperez6@retotecnico.com | Spanish | Arraijan | 07003 | panama | windows | 10 64-bit | spanish | xiaomi | mi 9 | android 11 | ChoucairReto2021* | [Brandon sign up personal [brandon clicks on button that shows us the form to signup, brandon enters 'Brandon' into write first name the user, brandon enters 'Perez' into write last name the user, brandon enters 'bperez6@retotecnico.com' into write email the user, brandon clicks on Select month his birth month, brandon clicks on Select month his birth day, brandon clicks on Select month his birth year, brandon enters 'Spanish' into Select language his birth year, brandon types 'ENTER' in Select language his birth year, brandon clicks on next page, brandon enters 'Arraijan' into write to city, brandon types 'ARROW_DOWN' in write to city]]
[Test worker] WARN net.thucydides.core.steps.BaseStepListener - stepStarted: net.thucydides.core.steps.ExecutedStepDescription@4c5f7766
[Test worker] WARN net.thucydides.core.steps.BaseStepListener - stepFinished: current outcome:Register a user:Given Brandon wants to join the tester community [Brandon open up [brandon opens the U test page]], When fill in the fields of each section on the UTest page
| strFirstName | strLastName | strEmail | strLanguage | strCity | strPostalCode | strCountry | strComputerOperatingSystem | strVersion | strComputerLanguage | strMobilDevice | strDeviceModel | strDeviceOperatingSystem | strPassword |
| Brandon | Perez | bperez6@retotecnico.com | Spanish | Arraijan | 07003 | panama | windows | 10 64-bit | spanish | xiaomi | mi 9 | android 11 | ChoucairReto2021* | [Brandon sign up personal [brandon clicks on button that shows us the form to signup, brandon enters 'Brandon' into write first name the user, brandon enters 'Perez' into write last name the user, brandon enters 'bperez6@retotecnico.com' into write email the user, brandon clicks on Select month his birth month, brandon clicks on Select month his birth day, brandon clicks on Select month his birth year, brandon enters 'Spanish' into Select language his birth year, brandon types 'ENTER' in Select language his birth year, brandon clicks on next page, brandon enters 'Arraijan' into write to city, brandon types 'ARROW_DOWN' in write to city, brandon types 'ENTER' in write to city]]
[Test worker] WARN net.thucydides.core.steps.BaseStepListener - stepStarted: net.thucydides.core.steps.ExecutedStepDescription@d193032
[Test worker] WARN net.thucydides.core.steps.BaseStepListener - stepFinished: current outcome:Register a user:Given Brandon wants to join the tester community [Brandon open up [brandon opens the U test page]], When fill in the fields of each section on the UTest page
| strFirstName | strLastName | strEmail | strLanguage | strCity | strPostalCode | strCountry | strComputerOperatingSystem | strVersion | strComputerLanguage | strMobilDevice | strDeviceModel | strDeviceOperatingSystem | strPassword |
| Brandon | Perez | bperez6@retotecnico.com | Spanish | Arraijan | 07003 | panama | windows | 10 64-bit | spanish | xiaomi | mi 9 | android 11 | ChoucairReto2021* | [Brandon sign up personal [brandon clicks on button that shows us the form to signup, brandon enters 'Brandon' into write first name the user, brandon enters 'Perez' into write last name the user, brandon enters 'bperez6@retotecnico.com' into write email the user, brandon clicks on Select month his birth month, brandon clicks on Select month his birth day, brandon clicks on Select month his birth year, brandon enters 'Spanish' into Select language his birth year, brandon types 'ENTER' in Select language his birth year, brandon clicks on next page, brandon enters 'Arraijan' into write to city, brandon types 'ARROW_DOWN' in write to city, brandon types 'ENTER' in write to city, brandon enters '07003' into enter postal code]]
[Test worker] WARN net.thucydides.core.steps.BaseStepListener - stepStarted: net.thucydides.core.steps.ExecutedStepDescription@12dd8d2b
[Test worker] WARN net.thucydides.core.steps.BaseStepListener - stepFinished: current outcome:Register a user:Given Brandon wants to join the tester community [Brandon open up [brandon opens the U test page]], When fill in the fields of each section on the UTest page
| strFirstName | strLastName | strEmail | strLanguage | strCity | strPostalCode | strCountry | strComputerOperatingSystem | strVersion | strComputerLanguage | strMobilDevice | strDeviceModel | strDeviceOperatingSystem | strPassword |
| Brandon | Perez | bperez6@retotecnico.com | Spanish | Arraijan | 07003 | panama | windows | 10 64-bit | spanish | xiaomi | mi 9 | android 11 | ChoucairReto2021* | [Brandon sign up personal [brandon clicks on button that shows us the form to signup, brandon enters 'Brandon' into write first name the user, brandon enters 'Perez' into write last name the user, brandon enters 'bperez6@retotecnico.com' into write email the user, brandon clicks on Select month his birth month, brandon clicks on Select month his birth day, brandon clicks on Select month his birth year, brandon enters 'Spanish' into Select language his birth year, brandon types 'ENTER' in Select language his birth year, brandon clicks on next page, brandon enters 'Arraijan' into write to city, brandon types 'ARROW_DOWN' in write to city, brandon types 'ENTER' in write to city, brandon enters '07003' into enter postal code, brandon clicks on select input country]]
[Test worker] WARN net.thucydides.core.steps.BaseStepListener - stepStarted: net.thucydides.core.steps.ExecutedStepDescription@c1cf54f
[Test worker] WARN net.thucydides.core.steps.BaseStepListener - stepFinished: current outcome:Register a user:Given Brandon wants to join the tester community [Brandon open up [brandon opens the U test page]], When fill in the fields of each section on the UTest page
| strFirstName | strLastName | strEmail | strLanguage | strCity | strPostalCode | strCountry | strComputerOperatingSystem | strVersion | strComputerLanguage | strMobilDevice | strDeviceModel | strDeviceOperatingSystem | strPassword |
| Brandon | Perez | bperez6@retotecnico.com | Spanish | Arraijan | 07003 | panama | windows | 10 64-bit | spanish | xiaomi | mi 9 | android 11 | ChoucairReto2021* | [Brandon sign up personal [brandon clicks on button that shows us the form to signup, brandon enters 'Brandon' into write first name the user, brandon enters 'Perez' into write last name the user, brandon enters 'bperez6@retotecnico.com' into write email the user, brandon clicks on Select month his birth month, brandon clicks on Select month his birth day, brandon clicks on Select month his birth year, brandon enters 'Spanish' into Select language his birth year, brandon types 'ENTER' in Select language his birth year, brandon clicks on next page, brandon enters 'Arraijan' into write to city, brandon types 'ARROW_DOWN' in write to city, brandon types 'ENTER' in write to city, brandon enters '07003' into enter postal code, brandon clicks on select input country, brandon enters 'panama' into enter country]]
[Test worker] WARN net.thucydides.core.steps.BaseStepListener - stepStarted: net.thucydides.core.steps.ExecutedStepDescription@76cfe07b
[Test worker] WARN net.thucydides.core.steps.BaseStepListener - stepFinished: current outcome:Register a user:Given Brandon wants to join the tester community [Brandon open up [brandon opens the U test page]], When fill in the fields of each section on the UTest page
| strFirstName | strLastName | strEmail | strLanguage | strCity | strPostalCode | strCountry | strComputerOperatingSystem | strVersion | strComputerLanguage | strMobilDevice | strDeviceModel | strDeviceOperatingSystem | strPassword |
| Brandon | Perez | bperez6@retotecnico.com | Spanish | Arraijan | 07003 | panama | windows | 10 64-bit | spanish | xiaomi | mi 9 | android 11 | ChoucairReto2021* | [Brandon sign up personal [brandon clicks on button that shows us the form to signup, brandon enters 'Brandon' into write first name the user, brandon enters 'Perez' into write last name the user, brandon enters 'bperez6@retotecnico.com' into write email the user, brandon clicks on Select month his birth month, brandon clicks on Select month his birth day, brandon clicks on Select month his birth year, brandon enters 'Spanish' into Select language his birth year, brandon types 'ENTER' in Select language his birth year, brandon clicks on next page, brandon enters 'Arraijan' into write to city, brandon types 'ARROW_DOWN' in write to city, brandon types 'ENTER' in write to city, brandon enters '07003' into enter postal code, brandon clicks on select input country, brandon enters 'panama' into enter country, brandon types 'ARROW_DOWN' in enter country]]
[Test worker] WARN net.thucydides.core.steps.BaseStepListener - stepStarted: net.thucydides.core.steps.ExecutedStepDescription@c8208c7
[Test worker] WARN net.thucydides.core.steps.BaseStepListener - stepFinished: current outcome:Register a user:Given Brandon wants to join the tester community [Brandon open up [brandon opens the U test page]], When fill in the fields of each section on the UTest page
| strFirstName | strLastName | strEmail | strLanguage | strCity | strPostalCode | strCountry | strComputerOperatingSystem | strVersion | strComputerLanguage | strMobilDevice | strDeviceModel | strDeviceOperatingSystem | strPassword |
| Brandon | Perez | bperez6@retotecnico.com | Spanish | Arraijan | 07003 | panama | windows | 10 64-bit | spanish | xiaomi | mi 9 | android 11 | ChoucairReto2021* | [Brandon sign up personal [brandon clicks on button that shows us the form to signup, brandon enters 'Brandon' into write first name the user, brandon enters 'Perez' into write last name the user, brandon enters 'bperez6@retotecnico.com' into write email the user, brandon clicks on Select month his birth month, brandon clicks on Select month his birth day, brandon clicks on Select month his birth year, brandon enters 'Spanish' into Select language his birth year, brandon types 'ENTER' in Select language his birth year, brandon clicks on next page, brandon enters 'Arraijan' into write to city, brandon types 'ARROW_DOWN' in write to city, brandon types 'ENTER' in write to city, brandon enters '07003' into enter postal code, brandon clicks on select input country, brandon enters 'panama' into enter country, brandon types 'ARROW_DOWN' in enter country, brandon types 'ENTER' in enter country]]
[Test worker] WARN net.thucydides.core.steps.BaseStepListener - stepStarted: net.thucydides.core.steps.ExecutedStepDescription@61914fe
[Test worker] WARN net.thucydides.core.steps.BaseStepListener - stepFinished: current outcome:Register a user:Given Brandon wants to join the tester community [Brandon open up [brandon opens the U test page]], When fill in the fields of each section on the UTest page
| strFirstName | strLastName | strEmail | strLanguage | strCity | strPostalCode | strCountry | strComputerOperatingSystem | strVersion | strComputerLanguage | strMobilDevice | strDeviceModel | strDeviceOperatingSystem | strPassword |
| Brandon | Perez | bperez6@retotecnico.com | Spanish | Arraijan | 07003 | panama | windows | 10 64-bit | spanish | xiaomi | mi 9 | android 11 | ChoucairReto2021* | [Brandon sign up personal [brandon clicks on button that shows us the form to signup, brandon enters 'Brandon' into write first name the user, brandon enters 'Perez' into write last name the user, brandon enters 'bperez6@retotecnico.com' into write email the user, brandon clicks on Select month his birth month, brandon clicks on Select month his birth day, brandon clicks on Select month his birth year, brandon enters 'Spanish' into Select language his birth year, brandon types 'ENTER' in Select language his birth year, brandon clicks on next page, brandon enters 'Arraijan' into write to city, brandon types 'ARROW_DOWN' in write to city, brandon types 'ENTER' in write to city, brandon enters '07003' into enter postal code, brandon clicks on select input country, brandon enters 'panama' into enter country, brandon types 'ARROW_DOWN' in enter country, brandon types 'ENTER' in enter country, brandon clicks on following requirements]]
[Test worker] WARN net.thucydides.core.steps.BaseStepListener - stepStarted: net.thucydides.core.steps.ExecutedStepDescription@34403edf
[Test worker] WARN net.thucydides.core.steps.BaseStepListener - stepFinished: current outcome:Register a user:Given Brandon wants to join the tester community [Brandon open up [brandon opens the U test page]], When fill in the fields of each section on the UTest page
| strFirstName | strLastName | strEmail | strLanguage | strCity | strPostalCode | strCountry | strComputerOperatingSystem | strVersion | strComputerLanguage | strMobilDevice | strDeviceModel | strDeviceOperatingSystem | strPassword |
| Brandon | Perez | bperez6@retotecnico.com | Spanish | Arraijan | 07003 | panama | windows | 10 64-bit | spanish | xiaomi | mi 9 | android 11 | ChoucairReto2021* | [Brandon sign up personal [brandon clicks on button that shows us the form to signup, brandon enters 'Brandon' into write first name the user, brandon enters 'Perez' into write last name the user, brandon enters 'bperez6@retotecnico.com' into write email the user, brandon clicks on Select month his birth month, brandon clicks on Select month his birth day, brandon clicks on Select month his birth year, brandon enters 'Spanish' into Select language his birth year, brandon types 'ENTER' in Select language his birth year, brandon clicks on next page, brandon enters 'Arraijan' into write to city, brandon types 'ARROW_DOWN' in write to city, brandon types 'ENTER' in write to city, brandon enters '07003' into enter postal code, brandon clicks on select input country, brandon enters 'panama' into enter country, brandon types 'ARROW_DOWN' in enter country, brandon types 'ENTER' in enter country, brandon clicks on following requirements, brandon clicks on select operating system of computer]]
[Test worker] WARN net.thucydides.core.steps.BaseStepListener - stepStarted: net.thucydides.core.steps.ExecutedStepDescription@2e26208
[Test worker] WARN net.thucydides.core.steps.BaseStepListener - stepFinished: current outcome:Register a user:Given Brandon wants to join the tester community [Brandon open up [brandon opens the U test page]], When fill in the fields of each section on the UTest page
| strFirstName | strLastName | strEmail | strLanguage | strCity | strPostalCode | strCountry | strComputerOperatingSystem | strVersion | strComputerLanguage | strMobilDevice | strDeviceModel | strDeviceOperatingSystem | strPassword |
| Brandon | Perez | bperez6@retotecnico.com | Spanish | Arraijan | 07003 | panama | windows | 10 64-bit | spanish | xiaomi | mi 9 | android 11 | ChoucairReto2021* | [Brandon sign up personal [brandon clicks on button that shows us the form to signup, brandon enters 'Brandon' into write first name the user, brandon enters 'Perez' into write last name the user, brandon enters 'bperez6@retotecnico.com' into write email the user, brandon clicks on Select month his birth month, brandon clicks on Select month his birth day, brandon clicks on Select month his birth year, brandon enters 'Spanish' into Select language his birth year, brandon types 'ENTER' in Select language his birth year, brandon clicks on next page, brandon enters 'Arraijan' into write to city, brandon types 'ARROW_DOWN' in write to city, brandon types 'ENTER' in write to city, brandon enters '07003' into enter postal code, brandon clicks on select input country, brandon enters 'panama' into enter country, brandon types 'ARROW_DOWN' in enter country, brandon types 'ENTER' in enter country, brandon clicks on following requirements, brandon clicks on select operating system of computer, brandon enters 'windows' into enter operating system of computer]]
[Test worker] WARN net.thucydides.core.steps.BaseStepListener - stepStarted: net.thucydides.core.steps.ExecutedStepDescription@1aaf35d1
[Test worker] WARN net.thucydides.core.steps.BaseStepListener - stepFinished: current outcome:Register a user:Given Brandon wants to join the tester community [Brandon open up [brandon opens the U test page]], When fill in the fields of each section on the UTest page
| strFirstName | strLastName | strEmail | strLanguage | strCity | strPostalCode | strCountry | strComputerOperatingSystem | strVersion | strComputerLanguage | strMobilDevice | strDeviceModel | strDeviceOperatingSystem | strPassword |
| Brandon | Perez | bperez6@retotecnico.com | Spanish | Arraijan | 07003 | panama | windows | 10 64-bit | spanish | xiaomi | mi 9 | android 11 | ChoucairReto2021* | [Brandon sign up personal [brandon clicks on button that shows us the form to signup, brandon enters 'Brandon' into write first name the user, brandon enters 'Perez' into write last name the user, brandon enters 'bperez6@retotecnico.com' into write email the user, brandon clicks on Select month his birth month, brandon clicks on Select month his birth day, brandon clicks on Select month his birth year, brandon enters 'Spanish' into Select language his birth year, brandon types 'ENTER' in Select language his birth year, brandon clicks on next page, brandon enters 'Arraijan' into write to city, brandon types 'ARROW_DOWN' in write to city, brandon types 'ENTER' in write to city, brandon enters '07003' into enter postal code, brandon clicks on select input country, brandon enters 'panama' into enter country, brandon types 'ARROW_DOWN' in enter country, brandon types 'ENTER' in enter country, brandon clicks on following requirements, brandon clicks on select operating system of computer, brandon enters 'windows' into enter operating system of computer, brandon types 'ARROW_DOWN' in enter operating system of computer]]
[Test worker] WARN net.thucydides.core.steps.BaseStepListener - stepStarted: net.thucydides.core.steps.ExecutedStepDescription@61eeb4f7
[Test worker] WARN net.thucydides.core.steps.BaseStepListener - stepFinished: current outcome:Register a user:Given Brandon wants to join the tester community [Brandon open up [brandon opens the U test page]], When fill in the fields of each section on the UTest page
| strFirstName | strLastName | strEmail | strLanguage | strCity | strPostalCode | strCountry | strComputerOperatingSystem | strVersion | strComputerLanguage | strMobilDevice | strDeviceModel | strDeviceOperatingSystem | strPassword |
| Brandon | Perez | bperez6@retotecnico.com | Spanish | Arraijan | 07003 | panama | windows | 10 64-bit | spanish | xiaomi | mi 9 | android 11 | ChoucairReto2021* | [Brandon sign up personal [brandon clicks on button that shows us the form to signup, brandon enters 'Brandon' into write first name the user, brandon enters 'Perez' into write last name the user, brandon enters 'bperez6@retotecnico.com' into write email the user, brandon clicks on Select month his birth month, brandon clicks on Select month his birth day, brandon clicks on Select month his birth year, brandon enters 'Spanish' into Select language his birth year, brandon types 'ENTER' in Select language his birth year, brandon clicks on next page, brandon enters 'Arraijan' into write to city, brandon types 'ARROW_DOWN' in write to city, brandon types 'ENTER' in write to city, brandon enters '07003' into enter postal code, brandon clicks on select input country, brandon enters 'panama' into enter country, brandon types 'ARROW_DOWN' in enter country, brandon types 'ENTER' in enter country, brandon clicks on following requirements, brandon clicks on select operating system of computer, brandon enters 'windows' into enter operating system of computer, brandon types 'ARROW_DOWN' in enter operating system of computer, brandon types 'ENTER' in enter operating system of computer]]
[Test worker] WARN net.thucydides.core.steps.BaseStepListener - stepStarted: net.thucydides.core.steps.ExecutedStepDescription@5e86248d
[Test worker] WARN net.thucydides.core.steps.BaseStepListener - stepFinished: current outcome:Register a user:Given Brandon wants to join the tester community [Brandon open up [brandon opens the U test page]], When fill in the fields of each section on the UTest page
| strFirstName | strLastName | strEmail | strLanguage | strCity | strPostalCode | strCountry | strComputerOperatingSystem | strVersion | strComputerLanguage | strMobilDevice | strDeviceModel | strDeviceOperatingSystem | strPassword |
| Brandon | Perez | bperez6@retotecnico.com | Spanish | Arraijan | 07003 | panama | windows | 10 64-bit | spanish | xiaomi | mi 9 | android 11 | ChoucairReto2021* | [Brandon sign up personal [brandon clicks on button that shows us the form to signup, brandon enters 'Brandon' into write first name the user, brandon enters 'Perez' into write last name the user, brandon enters 'bperez6@retotecnico.com' into write email the user, brandon clicks on Select month his birth month, brandon clicks on Select month his birth day, brandon clicks on Select month his birth year, brandon enters 'Spanish' into Select language his birth year, brandon types 'ENTER' in Select language his birth year, brandon clicks on next page, brandon enters 'Arraijan' into write to city, brandon types 'ARROW_DOWN' in write to city, brandon types 'ENTER' in write to city, brandon enters '07003' into enter postal code, brandon clicks on select input country, brandon enters 'panama' into enter country, brandon types 'ARROW_DOWN' in enter country, brandon types 'ENTER' in enter country, brandon clicks on following requirements, brandon clicks on select operating system of computer, brandon enters 'windows' into enter operating system of computer, brandon types 'ARROW_DOWN' in enter operating system of computer, brandon types 'ENTER' in enter operating system of computer, brandon clicks on select operating system version of computer]]
[Test worker] WARN net.thucydides.core.steps.BaseStepListener - stepStarted: net.thucydides.core.steps.ExecutedStepDescription@ac421eb
[Test worker] WARN net.thucydides.core.steps.BaseStepListener - stepFinished: current outcome:Register a user:Given Brandon wants to join the tester community [Brandon open up [brandon opens the U test page]], When fill in the fields of each section on the UTest page
| strFirstName | strLastName | strEmail | strLanguage | strCity | strPostalCode | strCountry | strComputerOperatingSystem | strVersion | strComputerLanguage | strMobilDevice | strDeviceModel | strDeviceOperatingSystem | strPassword |
| Brandon | Perez | bperez6@retotecnico.com | Spanish | Arraijan | 07003 | panama | windows | 10 64-bit | spanish | xiaomi | mi 9 | android 11 | ChoucairReto2021* | [Brandon sign up personal [brandon clicks on button that shows us the form to signup, brandon enters 'Brandon' into write first name the user, brandon enters 'Perez' into write last name the user, brandon enters 'bperez6@retotecnico.com' into write email the user, brandon clicks on Select month his birth month, brandon clicks on Select month his birth day, brandon clicks on Select month his birth year, brandon enters 'Spanish' into Select language his birth year, brandon types 'ENTER' in Select language his birth year, brandon clicks on next page, brandon enters 'Arraijan' into write to city, brandon types 'ARROW_DOWN' in write to city, brandon types 'ENTER' in write to city, brandon enters '07003' into enter postal code, brandon clicks on select input country, brandon enters 'panama' into enter country, brandon types 'ARROW_DOWN' in enter country, brandon types 'ENTER' in enter country, brandon clicks on following requirements, brandon clicks on select operating system of computer, brandon enters 'windows' into enter operating system of computer, brandon types 'ARROW_DOWN' in enter operating system of computer, brandon types 'ENTER' in enter operating system of computer, brandon clicks on select operating system version of computer, brandon enters '10 64-bit' into enter operating system version of computer]]
[Test worker] WARN net.thucydides.core.steps.BaseStepListener - stepStarted: net.thucydides.core.steps.ExecutedStepDescription@6bbefceb
[Test worker] WARN net.thucydides.core.steps.BaseStepListener - stepFinished: current outcome:Register a user:Given Brandon wants to join the tester community [Brandon open up [brandon opens the U test page]], When fill in the fields of each section on the UTest page
| strFirstName | strLastName | strEmail | strLanguage | strCity | strPostalCode | strCountry | strComputerOperatingSystem | strVersion | strComputerLanguage | strMobilDevice | strDeviceModel | strDeviceOperatingSystem | strPassword |
| Brandon | Perez | bperez6@retotecnico.com | Spanish | Arraijan | 07003 | panama | windows | 10 64-bit | spanish | xiaomi | mi 9 | android 11 | ChoucairReto2021* | [Brandon sign up personal [brandon clicks on button that shows us the form to signup, brandon enters 'Brandon' into write first name the user, brandon enters 'Perez' into write last name the user, brandon enters 'bperez6@retotecnico.com' into write email the user, brandon clicks on Select month his birth month, brandon clicks on Select month his birth day, brandon clicks on Select month his birth year, brandon enters 'Spanish' into Select language his birth year, brandon types 'ENTER' in Select language his birth year, brandon clicks on next page, brandon enters 'Arraijan' into write to city, brandon types 'ARROW_DOWN' in write to city, brandon types 'ENTER' in write to city, brandon enters '07003' into enter postal code, brandon clicks on select input country, brandon enters 'panama' into enter country, brandon types 'ARROW_DOWN' in enter country, brandon types 'ENTER' in enter country, brandon clicks on following requirements, brandon clicks on select operating system of computer, brandon enters 'windows' into enter operating system of computer, brandon types 'ARROW_DOWN' in enter operating system of computer, brandon types 'ENTER' in enter operating system of computer, brandon clicks on select operating system version of computer, brandon enters '10 64-bit' into enter operating system version of computer, brandon types 'ARROW_DOWN' in enter operating system version of computer]]
[Test worker] WARN net.thucydides.core.steps.BaseStepListener - stepStarted: net.thucydides.core.steps.ExecutedStepDescription@c13626
[Test worker] WARN net.thucydides.core.steps.BaseStepListener - stepFinished: current outcome:Register a user:Given Brandon wants to join the tester community [Brandon open up [brandon opens the U test page]], When fill in the fields of each section on the UTest page
| strFirstName | strLastName | strEmail | strLanguage | strCity | strPostalCode | strCountry | strComputerOperatingSystem | strVersion | strComputerLanguage | strMobilDevice | strDeviceModel | strDeviceOperatingSystem | strPassword |
| Brandon | Perez | bperez6@retotecnico.com | Spanish | Arraijan | 07003 | panama | windows | 10 64-bit | spanish | xiaomi | mi 9 | android 11 | ChoucairReto2021* | [Brandon sign up personal [brandon clicks on button that shows us the form to signup, brandon enters 'Brandon' into write first name the user, brandon enters 'Perez' into write last name the user, brandon enters 'bperez6@retotecnico.com' into write email the user, brandon clicks on Select month his birth month, brandon clicks on Select month his birth day, brandon clicks on Select month his birth year, brandon enters 'Spanish' into Select language his birth year, brandon types 'ENTER' in Select language his birth year, brandon clicks on next page, brandon enters 'Arraijan' into write to city, brandon types 'ARROW_DOWN' in write to city, brandon types 'ENTER' in write to city, brandon enters '07003' into enter postal code, brandon clicks on select input country, brandon enters 'panama' into enter country, brandon types 'ARROW_DOWN' in enter country, brandon types 'ENTER' in enter country, brandon clicks on following requirements, brandon clicks on select operating system of computer, brandon enters 'windows' into enter operating system of computer, brandon types 'ARROW_DOWN' in enter operating system of computer, brandon types 'ENTER' in enter operating system of computer, brandon clicks on select operating system version of computer, brandon enters '10 64-bit' into enter operating system version of computer, brandon types 'ARROW_DOWN' in enter operating system version of computer, brandon types 'ENTER' in enter operating system version of computer]]
[Test worker] WARN net.thucydides.core.steps.BaseStepListener - stepStarted: net.thucydides.core.steps.ExecutedStepDescription@79b9b244
[Test worker] WARN net.thucydides.core.steps.BaseStepListener - stepFinished: current outcome:Register a user:Given Brandon wants to join the tester community [Brandon open up [brandon opens the U test page]], When fill in the fields of each section on the UTest page
| strFirstName | strLastName | strEmail | strLanguage | strCity | strPostalCode | strCountry | strComputerOperatingSystem | strVersion | strComputerLanguage | strMobilDevice | strDeviceModel | strDeviceOperatingSystem | strPassword |
| Brandon | Perez | bperez6@retotecnico.com | Spanish | Arraijan | 07003 | panama | windows | 10 64-bit | spanish | xiaomi | mi 9 | android 11 | ChoucairReto2021* | [Brandon sign up personal [brandon clicks on button that shows us the form to signup, brandon enters 'Brandon' into write first name the user, brandon enters 'Perez' into write last name the user, brandon enters 'bperez6@retotecnico.com' into write email the user, brandon clicks on Select month his birth month, brandon clicks on Select month his birth day, brandon clicks on Select month his birth year, brandon enters 'Spanish' into Select language his birth year, brandon types 'ENTER' in Select language his birth year, brandon clicks on next page, brandon enters 'Arraijan' into write to city, brandon types 'ARROW_DOWN' in write to city, brandon types 'ENTER' in write to city, brandon enters '07003' into enter postal code, brandon clicks on select input country, brandon enters 'panama' into enter country, brandon types 'ARROW_DOWN' in enter country, brandon types 'ENTER' in enter country, brandon clicks on following requirements, brandon clicks on select operating system of computer, brandon enters 'windows' into enter operating system of computer, brandon types 'ARROW_DOWN' in enter operating system of computer, brandon types 'ENTER' in enter operating system of computer, brandon clicks on select operating system version of computer, brandon enters '10 64-bit' into enter operating system version of computer, brandon types 'ARROW_DOWN' in enter operating system version of computer, brandon types 'ENTER' in enter operating system version of computer, brandon clicks on select operating system language of computer]]
[Test worker] WARN net.thucydides.core.steps.BaseStepListener - stepStarted: net.thucydides.core.steps.ExecutedStepDescription@5c973edd
[Test worker] WARN net.thucydides.core.steps.BaseStepListener - stepFinished: current outcome:Register a user:Given Brandon wants to join the tester community [Brandon open up [brandon opens the U test page]], When fill in the fields of each section on the UTest page
| strFirstName | strLastName | strEmail | strLanguage | strCity | strPostalCode | strCountry | strComputerOperatingSystem | strVersion | strComputerLanguage | strMobilDevice | strDeviceModel | strDeviceOperatingSystem | strPassword |
| Brandon | Perez | bperez6@retotecnico.com | Spanish | Arraijan | 07003 | panama | windows | 10 64-bit | spanish | xiaomi | mi 9 | android 11 | ChoucairReto2021* | [Brandon sign up personal [brandon clicks on button that shows us the form to signup, brandon enters 'Brandon' into write first name the user, brandon enters 'Perez' into write last name the user, brandon enters 'bperez6@retotecnico.com' into write email the user, brandon clicks on Select month his birth month, brandon clicks on Select month his birth day, brandon clicks on Select month his birth year, brandon enters 'Spanish' into Select language his birth year, brandon types 'ENTER' in Select language his birth year, brandon clicks on next page, brandon enters 'Arraijan' into write to city, brandon types 'ARROW_DOWN' in write to city, brandon types 'ENTER' in write to city, brandon enters '07003' into enter postal code, brandon clicks on select input country, brandon enters 'panama' into enter country, brandon types 'ARROW_DOWN' in enter country, brandon types 'ENTER' in enter country, brandon clicks on following requirements, brandon clicks on select operating system of computer, brandon enters 'windows' into enter operating system of computer, brandon types 'ARROW_DOWN' in enter operating system of computer, brandon types 'ENTER' in enter operating system of computer, brandon clicks on select operating system version of computer, brandon enters '10 64-bit' into enter operating system version of computer, brandon types 'ARROW_DOWN' in enter operating system version of computer, brandon types 'ENTER' in enter operating system version of computer, brandon clicks on select operating system language of computer, brandon enters 'spanish' into enter operating system language of computer]]
[Test worker] WARN net.thucydides.core.steps.BaseStepListener - stepStarted: net.thucydides.core.steps.ExecutedStepDescription@1b24ca57
[Test worker] WARN net.thucydides.core.steps.BaseStepListener - stepFinished: current outcome:Register a user:Given Brandon wants to join the tester community [Brandon open up [brandon opens the U test page]], When fill in the fields of each section on the UTest page
| strFirstName | strLastName | strEmail | strLanguage | strCity | strPostalCode | strCountry | strComputerOperatingSystem | strVersion | strComputerLanguage | strMobilDevice | strDeviceModel | strDeviceOperatingSystem | strPassword |
| Brandon | Perez | bperez6@retotecnico.com | Spanish | Arraijan | 07003 | panama | windows | 10 64-bit | spanish | xiaomi | mi 9 | android 11 | ChoucairReto2021* | [Brandon sign up personal [brandon clicks on button that shows us the form to signup, brandon enters 'Brandon' into write first name the user, brandon enters 'Perez' into write last name the user, brandon enters 'bperez6@retotecnico.com' into write email the user, brandon clicks on Select month his birth month, brandon clicks on Select month his birth day, brandon clicks on Select month his birth year, brandon enters 'Spanish' into Select language his birth year, brandon types 'ENTER' in Select language his birth year, brandon clicks on next page, brandon enters 'Arraijan' into write to city, brandon types 'ARROW_DOWN' in write to city, brandon types 'ENTER' in write to city, brandon enters '07003' into enter postal code, brandon clicks on select input country, brandon enters 'panama' into enter country, brandon types 'ARROW_DOWN' in enter country, brandon types 'ENTER' in enter country, brandon clicks on following requirements, brandon clicks on select operating system of computer, brandon enters 'windows' into enter operating system of computer, brandon types 'ARROW_DOWN' in enter operating system of computer, brandon types 'ENTER' in enter operating system of computer, brandon clicks on select operating system version of computer, brandon enters '10 64-bit' into enter operating system version of computer, brandon types 'ARROW_DOWN' in enter operating system version of computer, brandon types 'ENTER' in enter operating system version of computer, brandon clicks on select operating system language of computer, brandon enters 'spanish' into enter operating system language of computer, brandon types 'ARROW_DOWN' in enter operating system language of computer]]
[Test worker] WARN net.thucydides.core.steps.BaseStepListener - stepStarted: net.thucydides.core.steps.ExecutedStepDescription@6416b6c
[Test worker] WARN net.thucydides.core.steps.BaseStepListener - stepFinished: current outcome:Register a user:Given Brandon wants to join the tester community [Brandon open up [brandon opens the U test page]], When fill in the fields of each section on the UTest page
| strFirstName | strLastName | strEmail | strLanguage | strCity | strPostalCode | strCountry | strComputerOperatingSystem | strVersion | strComputerLanguage | strMobilDevice | strDeviceModel | strDeviceOperatingSystem | strPassword |
| Brandon | Perez | bperez6@retotecnico.com | Spanish | Arraijan | 07003 | panama | windows | 10 64-bit | spanish | xiaomi | mi 9 | android 11 | ChoucairReto2021* | [Brandon sign up personal [brandon clicks on button that shows us the form to signup, brandon enters 'Brandon' into write first name the user, brandon enters 'Perez' into write last name the user, brandon enters 'bperez6@retotecnico.com' into write email the user, brandon clicks on Select month his birth month, brandon clicks on Select month his birth day, brandon clicks on Select month his birth year, brandon enters 'Spanish' into Select language his birth year, brandon types 'ENTER' in Select language his birth year, brandon clicks on next page, brandon enters 'Arraijan' into write to city, brandon types 'ARROW_DOWN' in write to city, brandon types 'ENTER' in write to city, brandon enters '07003' into enter postal code, brandon clicks on select input country, brandon enters 'panama' into enter country, brandon types 'ARROW_DOWN' in enter country, brandon types 'ENTER' in enter country, brandon clicks on following requirements, brandon clicks on select operating system of computer, brandon enters 'windows' into enter operating system of computer, brandon types 'ARROW_DOWN' in enter operating system of computer, brandon types 'ENTER' in enter operating system of computer, brandon clicks on select operating system version of computer, brandon enters '10 64-bit' into enter operating system version of computer, brandon types 'ARROW_DOWN' in enter operating system version of computer, brandon types 'ENTER' in enter operating system version of computer, brandon clicks on select operating system language of computer, brandon enters 'spanish' into enter operating system language of computer, brandon types 'ARROW_DOWN' in enter operating system language of computer, brandon types 'ENTER' in enter operating system language of computer]]
[Test worker] WARN net.thucydides.core.steps.BaseStepListener - stepStarted: net.thucydides.core.steps.ExecutedStepDescription@6bca424a
[Test worker] WARN net.thucydides.core.steps.BaseStepListener - stepFinished: current outcome:Register a user:Given Brandon wants to join the tester community [Brandon open up [brandon opens the U test page]], When fill in the fields of each section on the UTest page
| strFirstName | strLastName | strEmail | strLanguage | strCity | strPostalCode | strCountry | strComputerOperatingSystem | strVersion | strComputerLanguage | strMobilDevice | strDeviceModel | strDeviceOperatingSystem | strPassword |
| Brandon | Perez | bperez6@retotecnico.com | Spanish | Arraijan | 07003 | panama | windows | 10 64-bit | spanish | xiaomi | mi 9 | android 11 | ChoucairReto2021* | [Brandon sign up personal [brandon clicks on button that shows us the form to signup, brandon enters 'Brandon' into write first name the user, brandon enters 'Perez' into write last name the user, brandon enters 'bperez6@retotecnico.com' into write email the user, brandon clicks on Select month his birth month, brandon clicks on Select month his birth day, brandon clicks on Select month his birth year, brandon enters 'Spanish' into Select language his birth year, brandon types 'ENTER' in Select language his birth year, brandon clicks on next page, brandon enters 'Arraijan' into write to city, brandon types 'ARROW_DOWN' in write to city, brandon types 'ENTER' in write to city, brandon enters '07003' into enter postal code, brandon clicks on select input country, brandon enters 'panama' into enter country, brandon types 'ARROW_DOWN' in enter country, brandon types 'ENTER' in enter country, brandon clicks on following requirements, brandon clicks on select operating system of computer, brandon enters 'windows' into enter operating system of computer, brandon types 'ARROW_DOWN' in enter operating system of computer, brandon types 'ENTER' in enter operating system of computer, brandon clicks on select operating system version of computer, brandon enters '10 64-bit' into enter operating system version of computer, brandon types 'ARROW_DOWN' in enter operating system version of computer, brandon types 'ENTER' in enter operating system version of computer, brandon clicks on select operating system language of computer, brandon enters 'spanish' into enter operating system language of computer, brandon types 'ARROW_DOWN' in enter operating system language of computer, brandon types 'ENTER' in enter operating system language of computer, brandon clicks on select mobil device type]]
[Test worker] WARN net.thucydides.core.steps.BaseStepListener - stepStarted: net.thucydides.core.steps.ExecutedStepDescription@13b87183
[Test worker] WARN net.thucydides.core.steps.BaseStepListener - stepFinished: current outcome:Register a user:Given Brandon wants to join the tester community [Brandon open up [brandon opens the U test page]], When fill in the fields of each section on the UTest page
| strFirstName | strLastName | strEmail | strLanguage | strCity | strPostalCode | strCountry | strComputerOperatingSystem | strVersion | strComputerLanguage | strMobilDevice | strDeviceModel | strDeviceOperatingSystem | strPassword |
| Brandon | Perez | bperez6@retotecnico.com | Spanish | Arraijan | 07003 | panama | windows | 10 64-bit | spanish | xiaomi | mi 9 | android 11 | ChoucairReto2021* | [Brandon sign up personal [brandon clicks on button that shows us the form to signup, brandon enters 'Brandon' into write first name the user, brandon enters 'Perez' into write last name the user, brandon enters 'bperez6@retotecnico.com' into write email the user, brandon clicks on Select month his birth month, brandon clicks on Select month his birth day, brandon clicks on Select month his birth year, brandon enters 'Spanish' into Select language his birth year, brandon types 'ENTER' in Select language his birth year, brandon clicks on next page, brandon enters 'Arraijan' into write to city, brandon types 'ARROW_DOWN' in write to city, brandon types 'ENTER' in write to city, brandon enters '07003' into enter postal code, brandon clicks on select input country, brandon enters 'panama' into enter country, brandon types 'ARROW_DOWN' in enter country, brandon types 'ENTER' in enter country, brandon clicks on following requirements, brandon clicks on select operating system of computer, brandon enters 'windows' into enter operating system of computer, brandon types 'ARROW_DOWN' in enter operating system of computer, brandon types 'ENTER' in enter operating system of computer, brandon clicks on select operating system version of computer, brandon enters '10 64-bit' into enter operating system version of computer, brandon types 'ARROW_DOWN' in enter operating system version of computer, brandon types 'ENTER' in enter operating system version of computer, brandon clicks on select operating system language of computer, brandon enters 'spanish' into enter operating system language of computer, brandon types 'ARROW_DOWN' in enter operating system language of computer, brandon types 'ENTER' in enter operating system language of computer, brandon clicks on select mobil device type, brandon enters 'xiaomi' into enter mobil device type]]
[Test worker] WARN net.thucydides.core.steps.BaseStepListener - stepStarted: net.thucydides.core.steps.ExecutedStepDescription@7501494e
[Test worker] WARN net.thucydides.core.steps.BaseStepListener - stepFinished: current outcome:Register a user:Given Brandon wants to join the tester community [Brandon open up [brandon opens the U test page]], When fill in the fields of each section on the UTest page
| strFirstName | strLastName | strEmail | strLanguage | strCity | strPostalCode | strCountry | strComputerOperatingSystem | strVersion | strComputerLanguage | strMobilDevice | strDeviceModel | strDeviceOperatingSystem | strPassword |
| Brandon | Perez | bperez6@retotecnico.com | Spanish | Arraijan | 07003 | panama | windows | 10 64-bit | spanish | xiaomi | mi 9 | android 11 | ChoucairReto2021* | [Brandon sign up personal [brandon clicks on button that shows us the form to signup, brandon enters 'Brandon' into write first name the user, brandon enters 'Perez' into write last name the user, brandon enters 'bperez6@retotecnico.com' into write email the user, brandon clicks on Select month his birth month, brandon clicks on Select month his birth day, brandon clicks on Select month his birth year, brandon enters 'Spanish' into Select language his birth year, brandon types 'ENTER' in Select language his birth year, brandon clicks on next page, brandon enters 'Arraijan' into write to city, brandon types 'ARROW_DOWN' in write to city, brandon types 'ENTER' in write to city, brandon enters '07003' into enter postal code, brandon clicks on select input country, brandon enters 'panama' into enter country, brandon types 'ARROW_DOWN' in enter country, brandon types 'ENTER' in enter country, brandon clicks on following requirements, brandon clicks on select operating system of computer, brandon enters 'windows' into enter operating system of computer, brandon types 'ARROW_DOWN' in enter operating system of computer, brandon types 'ENTER' in enter operating system of computer, brandon clicks on select operating system version of computer, brandon enters '10 64-bit' into enter operating system version of computer, brandon types 'ARROW_DOWN' in enter operating system version of computer, brandon types 'ENTER' in enter operating system version of computer, brandon clicks on select operating system language of computer, brandon enters 'spanish' into enter operating system language of computer, brandon types 'ARROW_DOWN' in enter operating system language of computer, brandon types 'ENTER' in enter operating system language of computer, brandon clicks on select mobil device type, brandon enters 'xiaomi' into enter mobil device type, brandon types 'ARROW_DOWN' in enter mobil device type]]
[Test worker] WARN net.thucydides.core.steps.BaseStepListener - stepStarted: net.thucydides.core.steps.ExecutedStepDescription@1f94e266
[Test worker] WARN net.thucydides.core.steps.BaseStepListener - stepFinished: current outcome:Register a user:Given Brandon wants to join the tester community [Brandon open up [brandon opens the U test page]], When fill in the fields of each section on the UTest page
| strFirstName | strLastName | strEmail | strLanguage | strCity | strPostalCode | strCountry | strComputerOperatingSystem | strVersion | strComputerLanguage | strMobilDevice | strDeviceModel | strDeviceOperatingSystem | strPassword |
| Brandon | Perez | bperez6@retotecnico.com | Spanish | Arraijan | 07003 | panama | windows | 10 64-bit | spanish | xiaomi | mi 9 | android 11 | ChoucairReto2021* | [Brandon sign up personal [brandon clicks on button that shows us the form to signup, brandon enters 'Brandon' into write first name the user, brandon enters 'Perez' into write last name the user, brandon enters 'bperez6@retotecnico.com' into write email the user, brandon clicks on Select month his birth month, brandon clicks on Select month his birth day, brandon clicks on Select month his birth year, brandon enters 'Spanish' into Select language his birth year, brandon types 'ENTER' in Select language his birth year, brandon clicks on next page, brandon enters 'Arraijan' into write to city, brandon types 'ARROW_DOWN' in write to city, brandon types 'ENTER' in write to city, brandon enters '07003' into enter postal code, brandon clicks on select input country, brandon enters 'panama' into enter country, brandon types 'ARROW_DOWN' in enter country, brandon types 'ENTER' in enter country, brandon clicks on following requirements, brandon clicks on select operating system of computer, brandon enters 'windows' into enter operating system of computer, brandon types 'ARROW_DOWN' in enter operating system of computer, brandon types 'ENTER' in enter operating system of computer, brandon clicks on select operating system version of computer, brandon enters '10 64-bit' into enter operating system version of computer, brandon types 'ARROW_DOWN' in enter operating system version of computer, brandon types 'ENTER' in enter operating system version of computer, brandon clicks on select operating system language of computer, brandon enters 'spanish' into enter operating system language of computer, brandon types 'ARROW_DOWN' in enter operating system language of computer, brandon types 'ENTER' in enter operating system language of computer, brandon clicks on select mobil device type, brandon enters 'xiaomi' into enter mobil device type, brandon types 'ARROW_DOWN' in enter mobil device type, brandon types 'ENTER' in enter mobil device type]]
[Test worker] WARN net.thucydides.core.steps.BaseStepListener - stepStarted: net.thucydides.core.steps.ExecutedStepDescription@78802139
[Test worker] WARN net.thucydides.core.steps.BaseStepListener - stepFinished: current outcome:Register a user:Given Brandon wants to join the tester community [Brandon open up [brandon opens the U test page]], When fill in the fields of each section on the UTest page
| strFirstName | strLastName | strEmail | strLanguage | strCity | strPostalCode | strCountry | strComputerOperatingSystem | strVersion | strComputerLanguage | strMobilDevice | strDeviceModel | strDeviceOperatingSystem | strPassword |
| Brandon | Perez | bperez6@retotecnico.com | Spanish | Arraijan | 07003 | panama | windows | 10 64-bit | spanish | xiaomi | mi 9 | android 11 | ChoucairReto2021* | [Brandon sign up personal [brandon clicks on button that shows us the form to signup, brandon enters 'Brandon' into write first name the user, brandon enters 'Perez' into write last name the user, brandon enters 'bperez6@retotecnico.com' into write email the user, brandon clicks on Select month his birth month, brandon clicks on Select month his birth day, brandon clicks on Select month his birth year, brandon enters 'Spanish' into Select language his birth year, brandon types 'ENTER' in Select language his birth year, brandon clicks on next page, brandon enters 'Arraijan' into write to city, brandon types 'ARROW_DOWN' in write to city, brandon types 'ENTER' in write to city, brandon enters '07003' into enter postal code, brandon clicks on select input country, brandon enters 'panama' into enter country, brandon types 'ARROW_DOWN' in enter country, brandon types 'ENTER' in enter country, brandon clicks on following requirements, brandon clicks on select operating system of computer, brandon enters 'windows' into enter operating system of computer, brandon types 'ARROW_DOWN' in enter operating system of computer, brandon types 'ENTER' in enter operating system of computer, brandon clicks on select operating system version of computer, brandon enters '10 64-bit' into enter operating system version of computer, brandon types 'ARROW_DOWN' in enter operating system version of computer, brandon types 'ENTER' in enter operating system version of computer, brandon clicks on select operating system language of computer, brandon enters 'spanish' into enter operating system language of computer, brandon types 'ARROW_DOWN' in enter operating system language of computer, brandon types 'ENTER' in enter operating system language of computer, brandon clicks on select mobil device type, brandon enters 'xiaomi' into enter mobil device type, brandon types 'ARROW_DOWN' in enter mobil device type, brandon types 'ENTER' in enter mobil device type, brandon clicks on select model type mobil device]]
[Test worker] WARN net.thucydides.core.steps.BaseStepListener - stepStarted: net.thucydides.core.steps.ExecutedStepDescription@aba49de
[Test worker] WARN net.thucydides.core.steps.BaseStepListener - stepFinished: current outcome:Register a user:Given Brandon wants to join the tester community [Brandon open up [brandon opens the U test page]], When fill in the fields of each section on the UTest page
| strFirstName | strLastName | strEmail | strLanguage | strCity | strPostalCode | strCountry | strComputerOperatingSystem | strVersion | strComputerLanguage | strMobilDevice | strDeviceModel | strDeviceOperatingSystem | strPassword |
| Brandon | Perez | bperez6@retotecnico.com | Spanish | Arraijan | 07003 | panama | windows | 10 64-bit | spanish | xiaomi | mi 9 | android 11 | ChoucairReto2021* | [Brandon sign up personal [brandon clicks on button that shows us the form to signup, brandon enters 'Brandon' into write first name the user, brandon enters 'Perez' into write last name the user, brandon enters 'bperez6@retotecnico.com' into write email the user, brandon clicks on Select month his birth month, brandon clicks on Select month his birth day, brandon clicks on Select month his birth year, brandon enters 'Spanish' into Select language his birth year, brandon types 'ENTER' in Select language his birth year, brandon clicks on next page, brandon enters 'Arraijan' into write to city, brandon types 'ARROW_DOWN' in write to city, brandon types 'ENTER' in write to city, brandon enters '07003' into enter postal code, brandon clicks on select input country, brandon enters 'panama' into enter country, brandon types 'ARROW_DOWN' in enter country, brandon types 'ENTER' in enter country, brandon clicks on following requirements, brandon clicks on select operating system of computer, brandon enters 'windows' into enter operating system of computer, brandon types 'ARROW_DOWN' in enter operating system of computer, brandon types 'ENTER' in enter operating system of computer, brandon clicks on select operating system version of computer, brandon enters '10 64-bit' into enter operating system version of computer, brandon types 'ARROW_DOWN' in enter operating system version of computer, brandon types 'ENTER' in enter operating system version of computer, brandon clicks on select operating system language of computer, brandon enters 'spanish' into enter operating system language of computer, brandon types 'ARROW_DOWN' in enter operating system language of computer, brandon types 'ENTER' in enter operating system language of computer, brandon clicks on select mobil device type, brandon enters 'xiaomi' into enter mobil device type, brandon types 'ARROW_DOWN' in enter mobil device type, brandon types 'ENTER' in enter mobil device type, brandon clicks on select model type mobil device, brandon enters 'mi 9' into enter model type mobil device]]
[Test worker] WARN net.thucydides.core.steps.BaseStepListener - stepStarted: net.thucydides.core.steps.ExecutedStepDescription@7032cb2f
[Test worker] WARN net.thucydides.core.steps.BaseStepListener - stepFinished: current outcome:Register a user:Given Brandon wants to join the tester community [Brandon open up [brandon opens the U test page]], When fill in the fields of each section on the UTest page
| strFirstName | strLastName | strEmail | strLanguage | strCity | strPostalCode | strCountry | strComputerOperatingSystem | strVersion | strComputerLanguage | strMobilDevice | strDeviceModel | strDeviceOperatingSystem | strPassword |
| Brandon | Perez | bperez6@retotecnico.com | Spanish | Arraijan | 07003 | panama | windows | 10 64-bit | spanish | xiaomi | mi 9 | android 11 | ChoucairReto2021* | [Brandon sign up personal [brandon clicks on button that shows us the form to signup, brandon enters 'Brandon' into write first name the user, brandon enters 'Perez' into write last name the user, brandon enters 'bperez6@retotecnico.com' into write email the user, brandon clicks on Select month his birth month, brandon clicks on Select month his birth day, brandon clicks on Select month his birth year, brandon enters 'Spanish' into Select language his birth year, brandon types 'ENTER' in Select language his birth year, brandon clicks on next page, brandon enters 'Arraijan' into write to city, brandon types 'ARROW_DOWN' in write to city, brandon types 'ENTER' in write to city, brandon enters '07003' into enter postal code, brandon clicks on select input country, brandon enters 'panama' into enter country, brandon types 'ARROW_DOWN' in enter country, brandon types 'ENTER' in enter country, brandon clicks on following requirements, brandon clicks on select operating system of computer, brandon enters 'windows' into enter operating system of computer, brandon types 'ARROW_DOWN' in enter operating system of computer, brandon types 'ENTER' in enter operating system of computer, brandon clicks on select operating system version of computer, brandon enters '10 64-bit' into enter operating system version of computer, brandon types 'ARROW_DOWN' in enter operating system version of computer, brandon types 'ENTER' in enter operating system version of computer, brandon clicks on select operating system language of computer, brandon enters 'spanish' into enter operating system language of computer, brandon types 'ARROW_DOWN' in enter operating system language of computer, brandon types 'ENTER' in enter operating system language of computer, brandon clicks on select mobil device type, brandon enters 'xiaomi' into enter mobil device type, brandon types 'ARROW_DOWN' in enter mobil device type, brandon types 'ENTER' in enter mobil device type, brandon clicks on select model type mobil device, brandon enters 'mi 9' into enter model type mobil device, brandon types 'ARROW_DOWN' in enter model type mobil device]]
[Test worker] WARN net.thucydides.core.steps.BaseStepListener - stepStarted: net.thucydides.core.steps.ExecutedStepDescription@7091eef3
[Test worker] WARN net.thucydides.core.steps.BaseStepListener - stepFinished: current outcome:Register a user:Given Brandon wants to join the tester community [Brandon open up [brandon opens the U test page]], When fill in the fields of each section on the UTest page
| strFirstName | strLastName | strEmail | strLanguage | strCity | strPostalCode | strCountry | strComputerOperatingSystem | strVersion | strComputerLanguage | strMobilDevice | strDeviceModel | strDeviceOperatingSystem | strPassword |
| Brandon | Perez | bperez6@retotecnico.com | Spanish | Arraijan | 07003 | panama | windows | 10 64-bit | spanish | xiaomi | mi 9 | android 11 | ChoucairReto2021* | [Brandon sign up personal [brandon clicks on button that shows us the form to signup, brandon enters 'Brandon' into write first name the user, brandon enters 'Perez' into write last name the user, brandon enters 'bperez6@retotecnico.com' into write email the user, brandon clicks on Select month his birth month, brandon clicks on Select month his birth day, brandon clicks on Select month his birth year, brandon enters 'Spanish' into Select language his birth year, brandon types 'ENTER' in Select language his birth year, brandon clicks on next page, brandon enters 'Arraijan' into write to city, brandon types 'ARROW_DOWN' in write to city, brandon types 'ENTER' in write to city, brandon enters '07003' into enter postal code, brandon clicks on select input country, brandon enters 'panama' into enter country, brandon types 'ARROW_DOWN' in enter country, brandon types 'ENTER' in enter country, brandon clicks on following requirements, brandon clicks on select operating system of computer, brandon enters 'windows' into enter operating system of computer, brandon types 'ARROW_DOWN' in enter operating system of computer, brandon types 'ENTER' in enter operating system of computer, brandon clicks on select operating system version of computer, brandon enters '10 64-bit' into enter operating system version of computer, brandon types 'ARROW_DOWN' in enter operating system version of computer, brandon types 'ENTER' in enter operating system version of computer, brandon clicks on select operating system language of computer, brandon enters 'spanish' into enter operating system language of computer, brandon types 'ARROW_DOWN' in enter operating system language of computer, brandon types 'ENTER' in enter operating system language of computer, brandon clicks on select mobil device type, brandon enters 'xiaomi' into enter mobil device type, brandon types 'ARROW_DOWN' in enter mobil device type, brandon types 'ENTER' in enter mobil device type, brandon clicks on select model type mobil device, brandon enters 'mi 9' into enter model type mobil device, brandon types 'ARROW_DOWN' in enter model type mobil device, brandon types 'ENTER' in enter model type mobil device]]
[Test worker] WARN net.thucydides.core.steps.BaseStepListener - stepStarted: net.thucydides.core.steps.ExecutedStepDescription@6ecb735b
[Test worker] WARN net.thucydides.core.steps.BaseStepListener - stepFinished: current outcome:Register a user:Given Brandon wants to join the tester community [Brandon open up [brandon opens the U test page]], When fill in the fields of each section on the UTest page
| strFirstName | strLastName | strEmail | strLanguage | strCity | strPostalCode | strCountry | strComputerOperatingSystem | strVersion | strComputerLanguage | strMobilDevice | strDeviceModel | strDeviceOperatingSystem | strPassword |
| Brandon | Perez | bperez6@retotecnico.com | Spanish | Arraijan | 07003 | panama | windows | 10 64-bit | spanish | xiaomi | mi 9 | android 11 | ChoucairReto2021* | [Brandon sign up personal [brandon clicks on button that shows us the form to signup, brandon enters 'Brandon' into write first name the user, brandon enters 'Perez' into write last name the user, brandon enters 'bperez6@retotecnico.com' into write email the user, brandon clicks on Select month his birth month, brandon clicks on Select month his birth day, brandon clicks on Select month his birth year, brandon enters 'Spanish' into Select language his birth year, brandon types 'ENTER' in Select language his birth year, brandon clicks on next page, brandon enters 'Arraijan' into write to city, brandon types 'ARROW_DOWN' in write to city, brandon types 'ENTER' in write to city, brandon enters '07003' into enter postal code, brandon clicks on select input country, brandon enters 'panama' into enter country, brandon types 'ARROW_DOWN' in enter country, brandon types 'ENTER' in enter country, brandon clicks on following requirements, brandon clicks on select operating system of computer, brandon enters 'windows' into enter operating system of computer, brandon types 'ARROW_DOWN' in enter operating system of computer, brandon types 'ENTER' in enter operating system of computer, brandon clicks on select operating system version of computer, brandon enters '10 64-bit' into enter operating system version of computer, brandon types 'ARROW_DOWN' in enter operating system version of computer, brandon types 'ENTER' in enter operating system version of computer, brandon clicks on select operating system language of computer, brandon enters 'spanish' into enter operating system language of computer, brandon types 'ARROW_DOWN' in enter operating system language of computer, brandon types 'ENTER' in enter operating system language of computer, brandon clicks on select mobil device type, brandon enters 'xiaomi' into enter mobil device type, brandon types 'ARROW_DOWN' in enter mobil device type, brandon types 'ENTER' in enter mobil device type, brandon clicks on select model type mobil device, brandon enters 'mi 9' into enter model type mobil device, brandon types 'ARROW_DOWN' in enter model type mobil device, brandon types 'ENTER' in enter model type mobil device, brandon clicks on select operative system of mobil device]]
[Test worker] WARN net.thucydides.core.steps.BaseStepListener - stepStarted: net.thucydides.core.steps.ExecutedStepDescription@4feddd6
[...]
[Test worker] WARN net.thucydides.core.steps.BaseStepListener - stepStarted: net.thucydides.core.steps.ExecutedStepDescription@f83f28f
[Test worker] WARN net.thucydides.core.steps.BaseStepListener - stepStarted: net.thucydides.core.steps.ExecutedStepDescription@3ea89179
[Test worker] WARN net.thucydides.core.steps.BaseStepListener - stepFinished: current outcome:Register a user:Given Brandon wants to join the tester community [Brandon open up [brandon opens the U test page]], When fill in the fields of each section on the UTest page
| strFirstName | strLastName | strEmail | strLanguage | strCity | strPostalCode | strCountry | strComputerOperatingSystem | strVersion | strComputerLanguage | strMobilDevice | strDeviceModel | strDeviceOperatingSystem | strPassword |
| Brandon | Perez | bperez6@retotecnico.com | Spanish | Arraijan | 07003 | panama | windows | 10 64-bit | spanish | xiaomi | mi 9 | android 11 | ChoucairReto2021* | [Brandon sign up personal [brandon clicks on button that shows us the form to signup, brandon enters 'Brandon' into write first name the user, brandon enters 'Perez' into write last name the user, brandon enters 'bperez6@retotecnico.com' into write email the user, brandon clicks on Select month his birth month, brandon clicks on Select month his birth day, brandon clicks on Select month his birth year, brandon enters 'Spanish' into Select language his birth year, brandon types 'ENTER' in Select language his birth year, brandon clicks on next page, brandon enters 'Arraijan' into write to city, brandon types 'ARROW_DOWN' in write to city, brandon types 'ENTER' in write to city, brandon enters '07003' into enter postal code, brandon clicks on select input country, brandon enters 'panama' into enter country, brandon types 'ARROW_DOWN' in enter country, brandon types 'ENTER' in enter country, brandon clicks on following requirements, brandon clicks on select operating system of computer, brandon enters 'windows' into enter operating system of computer, brandon types 'ARROW_DOWN' in enter operating system of computer, brandon types 'ENTER' in enter operating system of computer, brandon clicks on select operating system version of computer, brandon enters '10 64-bit' into enter operating system version of computer, brandon types 'ARROW_DOWN' in enter operating system version of computer, brandon types 'ENTER' in enter operating system version of computer, brandon clicks on select operating system language of computer, brandon enters 'spanish' into enter operating system language of computer, brandon types 'ARROW_DOWN' in enter operating system language of computer, brandon types 'ENTER' in enter operating system language of computer, brandon clicks on select mobil device type, brandon enters 'xiaomi' into enter mobil device type, brandon types 'ARROW_DOWN' in enter mobil device type, brandon types 'ENTER' in enter mobil device type, brandon clicks on select model type mobil device, brandon enters 'mi 9' into enter model type mobil device, brandon types 'ARROW_DOWN' in enter model type mobil device, brandon types 'ENTER' in enter model type mobil device, brandon clicks on select operative system of mobil device, brandon enters 'android 11' into enter system operative of mobil device, brandon types 'ARROW_DOWN' in enter system operative of mobil device, brandon types 'ENTER' in enter system operative of mobil device, brandon clicks on button to redirect next page, brandon enters 'ChoucairReto2021*' into Enter the password user, brandon enters 'ChoucairReto2021*' into Enter password confirmation, brandon clicks on check the option to accept to stay informed, brandon clicks on check the option to accept the UTest Terms of user, brandon clicks on check the option to accept the privacy and security policy, brandon clicks on press the button to complete add the form user]], Then successful registration
| strConfirmWelcome |
| Welcome to the world's largest community of freelance software testers! | [Then answer]
[Test worker] WARN net.thucydides.core.steps.BaseStepListener - stepFinished: current outcome:Register a user:Given Brandon wants to join the tester community [Brandon open up [brandon opens the U test page]], When fill in the fields of each section on the UTest page
| strFirstName | strLastName | strEmail | strLanguage | strCity | strPostalCode | strCountry | strComputerOperatingSystem | strVersion | strComputerLanguage | strMobilDevice | strDeviceModel | strDeviceOperatingSystem | strPassword |
| Brandon | Perez | bperez6@retotecnico.com | Spanish | Arraijan | 07003 | panama | windows | 10 64-bit | spanish | xiaomi | mi 9 | android 11 | ChoucairReto2021* | [Brandon sign up personal [brandon clicks on button that shows us the form to signup, brandon enters 'Brandon' into write first name the user, brandon enters 'Perez' into write last name the user, brandon enters 'bperez6@retotecnico.com' into write email the user, brandon clicks on Select month his birth month, brandon clicks on Select month his birth day, brandon clicks on Select month his birth year, brandon enters 'Spanish' into Select language his birth year, brandon types 'ENTER' in Select language his birth year, brandon clicks on next page, brandon enters 'Arraijan' into write to city, brandon types 'ARROW_DOWN' in write to city, brandon types 'ENTER' in write to city, brandon enters '07003' into enter postal code, brandon clicks on select input country, brandon enters 'panama' into enter country, brandon types 'ARROW_DOWN' in enter country, brandon types 'ENTER' in enter country, brandon clicks on following requirements, brandon clicks on select operating system of computer, brandon enters 'windows' into enter operating system of computer, brandon types 'ARROW_DOWN' in enter operating system of computer, brandon types 'ENTER' in enter operating system of computer, brandon clicks on select operating system version of computer, brandon enters '10 64-bit' into enter operating system version of computer, brandon types 'ARROW_DOWN' in enter operating system version of computer, brandon types 'ENTER' in enter operating system version of computer, brandon clicks on select operating system language of computer, brandon enters 'spanish' into enter operating system language of computer, brandon types 'ARROW_DOWN' in enter operating system language of computer, brandon types 'ENTER' in enter operating system language of computer, brandon clicks on select mobil device type, brandon enters 'xiaomi' into enter mobil device type, brandon types 'ARROW_DOWN' in enter mobil device type, brandon types 'ENTER' in enter mobil device type, brandon clicks on select model type mobil device, brandon enters 'mi 9' into enter model type mobil device, brandon types 'ARROW_DOWN' in enter model type mobil device, brandon types 'ENTER' in enter model type mobil device, brandon clicks on select operative system of mobil device, brandon enters 'android 11' into enter system operative of mobil device, brandon types 'ARROW_DOWN' in enter system operative of mobil device, brandon types 'ENTER' in enter system operative of mobil device, brandon clicks on button to redirect next page, brandon enters 'ChoucairReto2021*' into Enter the password user, brandon enters 'ChoucairReto2021*' into Enter password confirmation, brandon clicks on check the option to accept to stay informed, brandon clicks on check the option to accept the UTest Terms of user, brandon clicks on check the option to accept the privacy and security policy, brandon clicks on press the button to complete add the form user]], Then successful registration
| strConfirmWelcome |
| Welcome to the world's largest community of freelance software testers! | [Then answer]
[Test worker] WARN net.thucydides.core.steps.BaseStepListener - testFinished: Register a user:Given Brandon wants to join the tester community [Brandon open up [brandon opens the U test page]], When fill in the fields of each section on the UTest page
| strFirstName | strLastName | strEmail | strLanguage | strCity | strPostalCode | strCountry | strComputerOperatingSystem | strVersion | strComputerLanguage | strMobilDevice | strDeviceModel | strDeviceOperatingSystem | strPassword |
| Brandon | Perez | bperez6@retotecnico.com | Spanish | Arraijan | 07003 | panama | windows | 10 64-bit | spanish | xiaomi | mi 9 | android 11 | ChoucairReto2021* | [Brandon sign up personal [brandon clicks on button that shows us the form to signup, brandon enters 'Brandon' into write first name the user, brandon enters 'Perez' into write last name the user, brandon enters 'bperez6@retotecnico.com' into write email the user, brandon clicks on Select month his birth month, brandon clicks on Select month his birth day, brandon clicks on Select month his birth year, brandon enters 'Spanish' into Select language his birth year, brandon types 'ENTER' in Select language his birth year, brandon clicks on next page, brandon enters 'Arraijan' into write to city, brandon types 'ARROW_DOWN' in write to city, brandon types 'ENTER' in write to city, brandon enters '07003' into enter postal code, brandon clicks on select input country, brandon enters 'panama' into enter country, brandon types 'ARROW_DOWN' in enter country, brandon types 'ENTER' in enter country, brandon clicks on following requirements, brandon clicks on select operating system of computer, brandon enters 'windows' into enter operating system of computer, brandon types 'ARROW_DOWN' in enter operating system of computer, brandon types 'ENTER' in enter operating system of computer, brandon clicks on select operating system version of computer, brandon enters '10 64-bit' into enter operating system version of computer, brandon types 'ARROW_DOWN' in enter operating system version of computer, brandon types 'ENTER' in enter operating system version of computer, brandon clicks on select operating system language of computer, brandon enters 'spanish' into enter operating system language of computer, brandon types 'ARROW_DOWN' in enter operating system language of computer, brandon types 'ENTER' in enter operating system language of computer, brandon clicks on select mobil device type, brandon enters 'xiaomi' into enter mobil device type, brandon types 'ARROW_DOWN' in enter mobil device type, brandon types 'ENTER' in enter mobil device type, brandon clicks on select model type mobil device, brandon enters 'mi 9' into enter model type mobil device, brandon types 'ARROW_DOWN' in enter model type mobil device, brandon types 'ENTER' in enter model type mobil device, brandon clicks on select operative system of mobil device, brandon enters 'android 11' into enter system operative of mobil device, brandon types 'ARROW_DOWN' in enter system operative of mobil device, brandon types 'ENTER' in enter system operative of mobil device, brandon clicks on button to redirect next page, brandon enters 'ChoucairReto2021*' into Enter the password user, brandon enters 'ChoucairReto2021*' into Enter password confirmation, brandon clicks on check the option to accept to stay informed, brandon clicks on check the option to accept the UTest Terms of user, brandon clicks on check the option to accept the privacy and security policy, brandon clicks on press the button to complete add the form user]], Then successful registration
| strConfirmWelcome |
| Welcome to the world's largest community of freelance software testers! | [Then answer]
[Test worker] WARN net.thucydides.core.steps.BaseStepListener - TestOutcomes: [Register a user:Given Brandon wants to join the tester community [Brandon open up [brandon opens the U test page]], When fill in the fields of each section on the UTest page
| strFirstName | strLastName | strEmail | strLanguage | strCity | strPostalCode | strCountry | strComputerOperatingSystem | strVersion | strComputerLanguage | strMobilDevice | strDeviceModel | strDeviceOperatingSystem | strPassword |
| Brandon | Perez | bperez6@retotecnico.com | Spanish | Arraijan | 07003 | panama | windows | 10 64-bit | spanish | xiaomi | mi 9 | android 11 | ChoucairReto2021* | [Brandon sign up personal [brandon clicks on button that shows us the form to signup, brandon enters 'Brandon' into write first name the user, brandon enters 'Perez' into write last name the user, brandon enters 'bperez6@retotecnico.com' into write email the user, brandon clicks on Select month his birth month, brandon clicks on Select month his birth day, brandon clicks on Select month his birth year, brandon enters 'Spanish' into Select language his birth year, brandon types 'ENTER' in Select language his birth year, brandon clicks on next page, brandon enters 'Arraijan' into write to city, brandon types 'ARROW_DOWN' in write to city, brandon types 'ENTER' in write to city, brandon enters '07003' into enter postal code, brandon clicks on select input country, brandon enters 'panama' into enter country, brandon types 'ARROW_DOWN' in enter country, brandon types 'ENTER' in enter country, brandon clicks on following requirements, brandon clicks on select operating system of computer, brandon enters 'windows' into enter operating system of computer, brandon types 'ARROW_DOWN' in enter operating system of computer, brandon types 'ENTER' in enter operating system of computer, brandon clicks on select operating system version of computer, brandon enters '10 64-bit' into enter operating system version of computer, brandon types 'ARROW_DOWN' in enter operating system version of computer, brandon types 'ENTER' in enter operating system version of computer, brandon clicks on select operating system language of computer, brandon enters 'spanish' into enter operating system language of computer, brandon types 'ARROW_DOWN' in enter operating system language of computer, brandon types 'ENTER' in enter operating system language of computer, brandon clicks on select mobil device type, brandon enters 'xiaomi' into enter mobil device type, brandon types 'ARROW_DOWN' in enter mobil device type, brandon types 'ENTER' in enter mobil device type, brandon clicks on select model type mobil device, brandon enters 'mi 9' into enter model type mobil device, brandon types 'ARROW_DOWN' in enter model type mobil device, brandon types 'ENTER' in enter model type mobil device, brandon clicks on select operative system of mobil device, brandon enters 'android 11' into enter system operative of mobil device, brandon types 'ARROW_DOWN' in enter system operative of mobil device, brandon types 'ENTER' in enter system operative of mobil device, brandon clicks on button to redirect next page, brandon enters 'ChoucairReto2021*' into Enter the password user, brandon enters 'ChoucairReto2021*' into Enter password confirmation, brandon clicks on check the option to accept to stay informed, brandon clicks on check the option to accept the UTest Terms of user, brandon clicks on check the option to accept the privacy and security policy, brandon clicks on press the button to complete add the form user]], Then successful registration
| strConfirmWelcome |
| Welcome to the world's largest community of freelance software testers! | [Then answer]]
[Test worker] WARN net.thucydides.core.steps.BaseStepListener - Final testOutcomes: [Register a user:Given Brandon wants to join the tester community [Brandon open up [brandon opens the U test page]], When fill in the fields of each section on the UTest page
| strFirstName | strLastName | strEmail | strLanguage | strCity | strPostalCode | strCountry | strComputerOperatingSystem | strVersion | strComputerLanguage | strMobilDevice | strDeviceModel | strDeviceOperatingSystem | strPassword |
| Brandon | Perez | bperez6@retotecnico.com | Spanish | Arraijan | 07003 | panama | windows | 10 64-bit | spanish | xiaomi | mi 9 | android 11 | ChoucairReto2021* | [Brandon sign up personal [brandon clicks on button that shows us the form to signup, brandon enters 'Brandon' into write first name the user, brandon enters 'Perez' into write last name the user, brandon enters 'bperez6@retotecnico.com' into write email the user, brandon clicks on Select month his birth month, brandon clicks on Select month his birth day, brandon clicks on Select month his birth year, brandon enters 'Spanish' into Select language his birth year, brandon types 'ENTER' in Select language his birth year, brandon clicks on next page, brandon enters 'Arraijan' into write to city, brandon types 'ARROW_DOWN' in write to city, brandon types 'ENTER' in write to city, brandon enters '07003' into enter postal code, brandon clicks on select input country, brandon enters 'panama' into enter country, brandon types 'ARROW_DOWN' in enter country, brandon types 'ENTER' in enter country, brandon clicks on following requirements, brandon clicks on select operating system of computer, brandon enters 'windows' into enter operating system of computer, brandon types 'ARROW_DOWN' in enter operating system of computer, brandon types 'ENTER' in enter operating system of computer, brandon clicks on select operating system version of computer, brandon enters '10 64-bit' into enter operating system version of computer, brandon types 'ARROW_DOWN' in enter operating system version of computer, brandon types 'ENTER' in enter operating system version of computer, brandon clicks on select operating system language of computer, brandon enters 'spanish' into enter operating system language of computer, brandon types 'ARROW_DOWN' in enter operating system language of computer, brandon types 'ENTER' in enter operating system language of computer, brandon clicks on select mobil device type, brandon enters 'xiaomi' into enter mobil device type, brandon types 'ARROW_DOWN' in enter mobil device type, brandon types 'ENTER' in enter mobil device type, brandon clicks on select model type mobil device, brandon enters 'mi 9' into enter model type mobil device, brandon types 'ARROW_DOWN' in enter model type mobil device, brandon types 'ENTER' in enter model type mobil device, brandon clicks on select operative system of mobil device, brandon enters 'android 11' into enter system operative of mobil device, brandon types 'ARROW_DOWN' in enter system operative of mobil device, brandon types 'ENTER' in enter system operative of mobil device, brandon clicks on button to redirect next page, brandon enters 'ChoucairReto2021*' into Enter the password user, brandon enters 'ChoucairReto2021*' into Enter password confirmation, brandon clicks on check the option to accept to stay informed, brandon clicks on check the option to accept the UTest Terms of user, brandon clicks on check the option to accept the privacy and security policy, brandon clicks on press the button to complete add the form user]], Then successful registration
| strConfirmWelcome |
| Welcome to the world's largest community of freelance software testers! | [Then answer]]
[Test worker] INFO net.thucydides.core.steps.ConsoleLoggingListener - 
        __    _____ _____ ____ _____   ____   _    ____  ____  _____ ____  
  _     \ \  |_   _| ____/ ___|_   _| |  _ \ / \  / ___|/ ___|| ____|  _ \ 
 (_)_____| |   | | |  _| \___ \ | |   | |_) / _ \ \___ \\___ \|  _| | | | |
  _|_____| |   | | | |___ ___) || |   |  __/ ___ \ ___) |___) | |___| |_| |
 (_)     | |   |_| |_____|____/ |_|   |_| /_/   \_\____/|____/|_____|____/ 
        /_/                                                                

TEST PASSED: Register a user
----------------------------------------------------------------------------
]]></system-err>
</testsuite>
